<?xml version="1.0" encoding="UTF-8"?>
<!-- Generated by org.testng.reporters.JUnitReportReporter -->
<testsuite hostname="DESKTOP-G0TE6BH" failures="0" tests="2" name="com.Automation.testcases.LoginWithInvalidCredential" time="3.972" errors="0" timestamp="2023-03-28T19:49:41 IST" skipped="0">
  <testcase classname="com.Automation.testcases.LoginWithInvalidCredential" name="VerifyErrorMessage" time="0.006"/>
  <system-out/>
  <testcase classname="com.Automation.testcases.LoginWithInvalidCredential" name="InvalidCredential" time="3.966"/>
  <system-out/>
</testsuite> <!-- com.Automation.testcases.LoginWithInvalidCredential -->
