<?xml version="1.0" encoding="UTF-8"?>
<!-- Generated by org.testng.reporters.JUnitReportReporter -->
<testsuite hostname="DESKTOP-G0TE6BH" failures="0" tests="1" name="com.Automation.testcases.Tespra" time="0.032" errors="0" timestamp="2023-04-05T09:46:23 IST" skipped="0">
  <testcase classname="com.Automation.testcases.Tespra" name="bc" time="0.032"/>
  <system-out/>
</testsuite> <!-- com.Automation.testcases.Tespra -->
