<?xml version="1.0" encoding="UTF-8"?>
<!-- Generated by org.testng.reporters.JUnitReportReporter -->
<testsuite hostname="DESKTOP-G0TE6BH" failures="0" tests="1" name="com.Automation.testcases.SignUpTestCase" time="22.806" errors="0" timestamp="2023-03-31T11:00:06 IST" skipped="0">
  <testcase classname="com.Automation.testcases.SignUpTestCase" name="AddSignUpInfo" time="22.806"/>
  <system-out/>
</testsuite> <!-- com.Automation.testcases.SignUpTestCase -->
