<?xml version="1.0" encoding="UTF-8"?>
<!-- Generated by org.testng.reporters.JUnitReportReporter -->
<testsuite hostname="DESKTOP-G0TE6BH" failures="0" tests="1" name="com.Automation.testcases.LoginTestCase" time="41.253" errors="0" timestamp="2023-03-30T16:09:44 IST" skipped="0">
  <testcase classname="com.Automation.testcases.LoginTestCase" name="logintoAcc" time="41.253"/>
  <system-out/>
</testsuite> <!-- com.Automation.testcases.LoginTestCase -->
